0 verbose cli /usr/local/bin/node /usr/local/bin/npm
1 info using npm@11.5.2
2 info using node@v22.18.0
3 silly config load:file:/usr/local/lib/node_modules/npm/npmrc
4 silly config load:file:/home/container/.npmrc
5 silly config load:file:/usr/local/etc/npmrc
6 verbose title npm install
7 verbose argv "install"
8 verbose logfile logs-max:10 dir:/home/container/.npm/_logs/2025-08-29T18_05_59_967Z-
9 verbose logfile /home/container/.npm/_logs/2025-08-29T18_05_59_967Z-debug-0.log
10 silly logfile start cleaning logs, removing 1 files
11 silly logfile done cleaning log files
12 silly packumentCache heap:614203392 maxSize:153550848 maxEntrySize:76775424
13 silly idealTree buildDeps
14 silly reify moves {}
15 silly audit bulk request {
15 silly audit   '@discordjs/builders': [ '1.11.2' ],
15 silly audit   '@discordjs/collection': [ '1.5.3', '2.1.1' ],
15 silly audit   '@discordjs/formatters': [ '0.6.1' ],
15 silly audit   '@discordjs/rest': [ '2.5.0' ],
15 silly audit   '@discordjs/util': [ '1.1.1' ],
15 silly audit   '@discordjs/ws': [ '1.2.2' ],
15 silly audit   '@sapphire/async-queue': [ '1.5.5' ],
15 silly audit   '@sapphire/shapeshift': [ '4.0.0' ],
15 silly audit   '@sapphire/snowflake': [ '3.5.3' ],
15 silly audit   '@supabase/auth-js': [ '2.69.1' ],
15 silly audit   '@supabase/functions-js': [ '2.4.4' ],
15 silly audit   '@supabase/node-fetch': [ '2.6.15' ],
15 silly audit   '@supabase/postgrest-js': [ '1.19.4' ],
15 silly audit   '@supabase/realtime-js': [ '2.11.2' ],
15 silly audit   '@supabase/storage-js': [ '2.7.1' ],
15 silly audit   '@supabase/supabase-js': [ '2.49.8' ],
15 silly audit   '@types/node': [ '22.15.21' ],
15 silly audit   '@types/phoenix': [ '1.6.6' ],
15 silly audit   '@types/ws': [ '8.18.1' ],
15 silly audit   '@vladfrangu/async_event_emitter': [ '2.4.6' ],
15 silly audit   anymatch: [ '3.1.3' ],
15 silly audit   'balanced-match': [ '1.0.2' ],
15 silly audit   'binary-extensions': [ '2.3.0' ],
15 silly audit   'brace-expansion': [ '1.1.11' ],
15 silly audit   braces: [ '3.0.3' ],
15 silly audit   chokidar: [ '3.6.0' ],
15 silly audit   'concat-map': [ '0.0.1' ],
15 silly audit   debug: [ '4.4.1' ],
15 silly audit   'discord-api-types': [ '0.38.8' ],
15 silly audit   'discord.js': [ '14.19.3' ],
15 silly audit   dotenv: [ '16.5.0' ],
15 silly audit   'fast-deep-equal': [ '3.1.3' ],
15 silly audit   'fill-range': [ '7.1.1' ],
15 silly audit   fsevents: [ '2.3.3' ],
15 silly audit   'glob-parent': [ '5.1.2' ],
15 silly audit   'has-flag': [ '3.0.0' ],
15 silly audit   'ignore-by-default': [ '1.0.1' ],
15 silly audit   'is-binary-path': [ '2.1.0' ],
15 silly audit   'is-extglob': [ '2.1.1' ],
15 silly audit   'is-glob': [ '4.0.3' ],
15 silly audit   'is-number': [ '7.0.0' ],
15 silly audit   lodash: [ '4.17.21' ],
15 silly audit   'lodash.snakecase': [ '4.1.1' ],
15 silly audit   'magic-bytes.js': [ '1.12.1' ],
15 silly audit   minimatch: [ '3.1.2' ],
15 silly audit   ms: [ '2.1.3' ],
15 silly audit   nodemon: [ '3.1.10' ],
15 silly audit   'normalize-path': [ '3.0.0' ],
15 silly audit   picomatch: [ '2.3.1' ],
15 silly audit   'pstree.remy': [ '1.1.8' ],
15 silly audit   readdirp: [ '3.6.0' ],
15 silly audit   semver: [ '7.7.2' ],
15 silly audit   'simple-update-notifier': [ '2.0.0' ],
15 silly audit   'supports-color': [ '5.5.0' ],
15 silly audit   'to-regex-range': [ '5.0.1' ],
15 silly audit   touch: [ '3.1.1' ],
15 silly audit   tr46: [ '0.0.3' ],
15 silly audit   'ts-mixer': [ '6.0.4' ],
15 silly audit   tslib: [ '2.8.1' ],
15 silly audit   undefsafe: [ '2.0.5' ],
15 silly audit   undici: [ '6.21.1' ],
15 silly audit   'undici-types': [ '6.21.0' ],
15 silly audit   'webidl-conversions': [ '3.0.1' ],
15 silly audit   'whatwg-url': [ '5.0.0' ],
15 silly audit   ws: [ '8.18.2' ]
15 silly audit }
16 http fetch POST 200 https://registry.npmjs.org/-/npm/v1/security/advisories/bulk 308ms
17 silly audit report {
17 silly audit report   'brace-expansion': [
17 silly audit report     {
17 silly audit report       id: 1105443,
17 silly audit report       url: 'https://github.com/advisories/GHSA-v6h2-p8h4-qcjw',
17 silly audit report       title: 'brace-expansion Regular Expression Denial of Service vulnerability',
17 silly audit report       severity: 'low',
17 silly audit report       vulnerable_versions: '>=1.0.0 <=1.1.11',
17 silly audit report       cwe: [Array],
17 silly audit report       cvss: [Object]
17 silly audit report     }
17 silly audit report   ],
17 silly audit report   undici: [
17 silly audit report     {
17 silly audit report       id: 1104500,
17 silly audit report       url: 'https://github.com/advisories/GHSA-cxrh-j4jr-qwg3',
17 silly audit report       title: 'undici Denial of Service attack via bad certificate data',
17 silly audit report       severity: 'low',
17 silly audit report       vulnerable_versions: '>=6.0.0 <6.21.2',
17 silly audit report       cwe: [Array],
17 silly audit report       cvss: [Object]
17 silly audit report     }
17 silly audit report   ]
17 silly audit report }
18 silly packumentCache corgi:https://registry.npmjs.org/brace-expansion cache-miss
19 silly packumentCache corgi:https://registry.npmjs.org/undici cache-miss
20 http fetch GET 200 https://registry.npmjs.org/brace-expansion 57ms (cache revalidated)
21 silly packumentCache corgi:https://registry.npmjs.org/brace-expansion set size:16192 disposed:false
22 http fetch GET 200 https://registry.npmjs.org/undici 120ms (cache revalidated)
23 silly packumentCache corgi:https://registry.npmjs.org/undici set size:393690 disposed:false
24 silly packumentCache corgi:https://registry.npmjs.org/minimatch cache-miss
25 http fetch GET 200 https://registry.npmjs.org/minimatch 49ms (cache revalidated)
26 silly packumentCache corgi:https://registry.npmjs.org/minimatch set size:143741 disposed:false
27 silly packumentCache corgi:https://registry.npmjs.org/@discordjs%2frest cache-miss
28 silly packumentCache corgi:https://registry.npmjs.org/discord.js cache-miss
29 http fetch GET 200 https://registry.npmjs.org/discord.js 112ms (cache revalidated)
30 silly packumentCache corgi:https://registry.npmjs.org/discord.js set size:3775000 disposed:false
31 http fetch GET 200 https://registry.npmjs.org/@discordjs%2frest 410ms (cache revalidated)
32 silly packumentCache corgi:https://registry.npmjs.org/@discordjs%2frest set size:2679825 disposed:false
33 silly packumentCache corgi:https://registry.npmjs.org/@discordjs%2fws cache-miss
34 http fetch GET 200 https://registry.npmjs.org/@discordjs%2fws 217ms (cache revalidated)
35 silly packumentCache corgi:https://registry.npmjs.org/@discordjs%2fws set size:2494918 disposed:false
36 verbose cwd /home/container
37 verbose os Linux 5.15.0-130-generic
38 verbose node v22.18.0
39 verbose npm  v11.5.2
40 verbose exit 0
41 info ok
