0 verbose cli /usr/local/bin/node /usr/local/bin/npm
1 info using npm@11.5.2
2 info using node@v22.19.0
3 silly config load:file:/usr/local/lib/node_modules/npm/npmrc
4 silly config load:file:/home/container/.npmrc
5 silly config load:file:/usr/local/etc/npmrc
6 verbose title npm install
7 verbose argv "install"
8 verbose logfile logs-max:10 dir:/home/container/.npm/_logs/2025-09-02T00_27_36_827Z-
9 verbose logfile /home/container/.npm/_logs/2025-09-02T00_27_36_827Z-debug-0.log
10 silly logfile start cleaning logs, removing 1 files
11 silly logfile done cleaning log files
12 silly packumentCache heap:614203392 maxSize:153550848 maxEntrySize:76775424
13 silly idealTree buildDeps
14 verbose shrinkwrap failed to load node_modules/.package-lock.json out of date, updated: node_modules
15 silly reify moves {}
16 silly audit bulk request {
16 silly audit   '@discordjs/builders': [ '1.11.2' ],
16 silly audit   '@discordjs/collection': [ '1.5.3', '2.1.1' ],
16 silly audit   '@discordjs/formatters': [ '0.6.1' ],
16 silly audit   '@discordjs/rest': [ '2.5.0' ],
16 silly audit   '@discordjs/util': [ '1.1.1' ],
16 silly audit   '@discordjs/ws': [ '1.2.2' ],
16 silly audit   '@sapphire/async-queue': [ '1.5.5' ],
16 silly audit   '@sapphire/shapeshift': [ '4.0.0' ],
16 silly audit   '@sapphire/snowflake': [ '3.5.3' ],
16 silly audit   '@supabase/auth-js': [ '2.69.1' ],
16 silly audit   '@supabase/functions-js': [ '2.4.4' ],
16 silly audit   '@supabase/node-fetch': [ '2.6.15' ],
16 silly audit   '@supabase/postgrest-js': [ '1.19.4' ],
16 silly audit   '@supabase/realtime-js': [ '2.11.2' ],
16 silly audit   '@supabase/storage-js': [ '2.7.1' ],
16 silly audit   '@supabase/supabase-js': [ '2.49.8' ],
16 silly audit   '@types/node': [ '22.15.21' ],
16 silly audit   '@types/phoenix': [ '1.6.6' ],
16 silly audit   '@types/ws': [ '8.18.1' ],
16 silly audit   '@vladfrangu/async_event_emitter': [ '2.4.6' ],
16 silly audit   anymatch: [ '3.1.3' ],
16 silly audit   'balanced-match': [ '1.0.2' ],
16 silly audit   'binary-extensions': [ '2.3.0' ],
16 silly audit   'brace-expansion': [ '1.1.11' ],
16 silly audit   braces: [ '3.0.3' ],
16 silly audit   chokidar: [ '3.6.0' ],
16 silly audit   'concat-map': [ '0.0.1' ],
16 silly audit   debug: [ '4.4.1' ],
16 silly audit   'discord-api-types': [ '0.38.8' ],
16 silly audit   'discord.js': [ '14.19.3' ],
16 silly audit   dotenv: [ '16.5.0' ],
16 silly audit   'fast-deep-equal': [ '3.1.3' ],
16 silly audit   'fill-range': [ '7.1.1' ],
16 silly audit   fsevents: [ '2.3.3' ],
16 silly audit   'glob-parent': [ '5.1.2' ],
16 silly audit   'has-flag': [ '3.0.0' ],
16 silly audit   'ignore-by-default': [ '1.0.1' ],
16 silly audit   'is-binary-path': [ '2.1.0' ],
16 silly audit   'is-extglob': [ '2.1.1' ],
16 silly audit   'is-glob': [ '4.0.3' ],
16 silly audit   'is-number': [ '7.0.0' ],
16 silly audit   lodash: [ '4.17.21' ],
16 silly audit   'lodash.snakecase': [ '4.1.1' ],
16 silly audit   'magic-bytes.js': [ '1.12.1' ],
16 silly audit   minimatch: [ '3.1.2' ],
16 silly audit   ms: [ '2.1.3' ],
16 silly audit   nodemon: [ '3.1.10' ],
16 silly audit   'normalize-path': [ '3.0.0' ],
16 silly audit   picomatch: [ '2.3.1' ],
16 silly audit   'pstree.remy': [ '1.1.8' ],
16 silly audit   readdirp: [ '3.6.0' ],
16 silly audit   semver: [ '7.7.2' ],
16 silly audit   'simple-update-notifier': [ '2.0.0' ],
16 silly audit   'supports-color': [ '5.5.0' ],
16 silly audit   'to-regex-range': [ '5.0.1' ],
16 silly audit   touch: [ '3.1.1' ],
16 silly audit   tr46: [ '0.0.3' ],
16 silly audit   'ts-mixer': [ '6.0.4' ],
16 silly audit   tslib: [ '2.8.1' ],
16 silly audit   undefsafe: [ '2.0.5' ],
16 silly audit   undici: [ '6.21.1' ],
16 silly audit   'undici-types': [ '6.21.0' ],
16 silly audit   'webidl-conversions': [ '3.0.1' ],
16 silly audit   'whatwg-url': [ '5.0.0' ],
16 silly audit   ws: [ '8.18.2' ]
16 silly audit }
17 verbose reify failed optional dependency /home/container/node_modules/fsevents
18 silly reify mark deleted [ '/home/container/node_modules/fsevents' ]
19 http fetch POST 200 https://registry.npmjs.org/-/npm/v1/security/advisories/bulk 335ms
20 silly audit report {
20 silly audit report   'brace-expansion': [
20 silly audit report     {
20 silly audit report       id: 1105443,
20 silly audit report       url: 'https://github.com/advisories/GHSA-v6h2-p8h4-qcjw',
20 silly audit report       title: 'brace-expansion Regular Expression Denial of Service vulnerability',
20 silly audit report       severity: 'low',
20 silly audit report       vulnerable_versions: '>=1.0.0 <=1.1.11',
20 silly audit report       cwe: [Array],
20 silly audit report       cvss: [Object]
20 silly audit report     }
20 silly audit report   ],
20 silly audit report   undici: [
20 silly audit report     {
20 silly audit report       id: 1104500,
20 silly audit report       url: 'https://github.com/advisories/GHSA-cxrh-j4jr-qwg3',
20 silly audit report       title: 'undici Denial of Service attack via bad certificate data',
20 silly audit report       severity: 'low',
20 silly audit report       vulnerable_versions: '>=6.0.0 <6.21.2',
20 silly audit report       cwe: [Array],
20 silly audit report       cvss: [Object]
20 silly audit report     }
20 silly audit report   ]
20 silly audit report }
21 silly packumentCache corgi:https://registry.npmjs.org/brace-expansion cache-miss
22 silly packumentCache corgi:https://registry.npmjs.org/undici cache-miss
23 http fetch GET 200 https://registry.npmjs.org/brace-expansion 47ms (cache revalidated)
24 silly packumentCache corgi:https://registry.npmjs.org/brace-expansion set size:16192 disposed:false
25 http fetch GET 200 https://registry.npmjs.org/undici 79ms (cache revalidated)
26 silly packumentCache corgi:https://registry.npmjs.org/undici set size:393690 disposed:false
27 silly packumentCache corgi:https://registry.npmjs.org/minimatch cache-miss
28 http fetch GET 200 https://registry.npmjs.org/minimatch 33ms (cache revalidated)
29 silly packumentCache corgi:https://registry.npmjs.org/minimatch set size:143741 disposed:false
30 silly packumentCache corgi:https://registry.npmjs.org/@discordjs%2frest cache-miss
31 silly packumentCache corgi:https://registry.npmjs.org/discord.js cache-miss
32 http fetch GET 200 https://registry.npmjs.org/discord.js 359ms (cache updated)
33 silly packumentCache corgi:https://registry.npmjs.org/discord.js set size:undefined disposed:false
34 http fetch GET 200 https://registry.npmjs.org/@discordjs%2frest 792ms (cache updated)
35 silly packumentCache corgi:https://registry.npmjs.org/@discordjs%2frest set size:undefined disposed:false
36 silly packumentCache corgi:https://registry.npmjs.org/@discordjs%2fws cache-miss
37 http fetch GET 200 https://registry.npmjs.org/@discordjs%2fws 926ms (cache updated)
38 silly packumentCache corgi:https://registry.npmjs.org/@discordjs%2fws set size:undefined disposed:false
39 silly ADD node_modules/fsevents
40 verbose cwd /home/container
41 verbose os Linux 5.15.0-130-generic
42 verbose node v22.19.0
43 verbose npm  v11.5.2
44 verbose exit 0
45 info ok
